<?xml version="1.0" encoding="UTF-8"?>
<!-- Generated by org.testng.reporters.JUnitXMLReporter -->
<testsuite ignored="4" hostname="LAPTOP-VDE2I4SU" failures="0" tests="3" name="Default test" time="11.639" errors="0" timestamp="2023-04-05T00:58:14 IST">
  <testcase classname="com.anu.testscripts.SimpleInputFormDemoTest" name="verifySingleInputTextFieldusingDataProvider" time="0.28"/>
  <testcase classname="com.anu.testscripts.SimpleInputFormDemoTest" name="verifySingleInputTextFieldusingDataProvider" time="0.255"/>
  <testcase classname="com.anu.testscripts.SimpleInputFormDemoTest" name="verifySingleInputTextFieldusingDataProvider" time="0.265"/>
  <testcase classname="com.anu.testscripts.SimpleInputFormDemoTest" name="verifySingleInputTextField" time="0.0">
    <ignored/>
  </testcase> <!-- verifySingleInputTextField -->
  <testcase classname="com.anu.testscripts.SimpleInputFormDemoTest" name="verifyFontSizeOfShowMessageButton" time="0.0">
    <ignored/>
  </testcase> <!-- verifyFontSizeOfShowMessageButton -->
  <testcase classname="com.anu.testscripts.SimpleInputFormDemoTest" name="verifyBackgroundColorofShowMessageButton" time="0.0">
    <ignored/>
  </testcase> <!-- verifyBackgroundColorofShowMessageButton -->
  <testcase classname="com.anu.testscripts.SimpleInputFormDemoTest" name="verifySingleInputTextFieldtest" time="0.0">
    <ignored/>
  </testcase> <!-- verifySingleInputTextFieldtest -->
</testsuite> <!-- Default test -->
