<?xml version="1.0" encoding="UTF-8"?>
<testng-results ignored="4" total="5" passed="1" failed="0" skipped="0">
  <reporter-output>
  </reporter-output>
  <suite started-at="2023-04-13T00:12:24 IST" name="Suite" finished-at="2023-04-13T00:12:30 IST" duration-ms="5943">
    <groups>
    </groups>
    <test started-at="2023-04-13T00:12:24 IST" name="Test" finished-at="2023-04-13T00:12:30 IST" duration-ms="5943">
      <class name="com.anu.testscripts.SimpleInputFormDemoTest">
        <test-method is-config="true" signature="initializeBrowser()[pri:0, instance:com.anu.testscripts.SimpleInputFormDemoTest@5ba3f27a]" started-at="2023-04-13T00:12:24 IST" name="initializeBrowser" finished-at="2023-04-13T00:12:30 IST" duration-ms="5529" status="PASS">
          <reporter-output>
          </reporter-output>
        </test-method> <!-- initializeBrowser -->
        <test-method signature="verifySingleInputTextField(java.lang.String)[pri:0, instance:com.anu.testscripts.SimpleInputFormDemoTest@5ba3f27a]" started-at="2023-04-13T00:12:30 IST" name="verifySingleInputTextField" finished-at="2023-04-13T00:12:30 IST" duration-ms="207" status="PASS">
          <params>
            <param index="0">
              <value>
                <![CDATA[hello]]>
              </value>
            </param>
          </params>
          <reporter-output>
          </reporter-output>
        </test-method> <!-- verifySingleInputTextField -->
        <test-method is-config="true" signature="afterTest()[pri:0, instance:com.anu.testscripts.SimpleInputFormDemoTest@5ba3f27a]" started-at="2023-04-13T00:12:30 IST" name="afterTest" finished-at="2023-04-13T00:12:30 IST" duration-ms="182" status="PASS">
          <reporter-output>
          </reporter-output>
        </test-method> <!-- afterTest -->
      </class> <!-- com.anu.testscripts.SimpleInputFormDemoTest -->
    </test> <!-- Test -->
  </suite> <!-- Suite -->
</testng-results>
