<?xml version="1.0" encoding="UTF-8"?>
<!-- Generated by org.testng.reporters.JUnitXMLReporter -->
<testsuite ignored="4" hostname="LAPTOP-VDE2I4SU" failures="0" tests="1" name="Test" time="5.943" errors="0" timestamp="2023-04-13T00:12:30 IST">
  <testcase classname="com.anu.testscripts.SimpleInputFormDemoTest" name="verifySingleInputTextField" time="0.207"/>
  <testcase classname="com.anu.testscripts.SimpleInputFormDemoTest" name="verifyFontSizeOfShowMessageButton" time="0.0">
    <ignored/>
  </testcase> <!-- verifyFontSizeOfShowMessageButton -->
  <testcase classname="com.anu.testscripts.SimpleInputFormDemoTest" name="verifyBackgroundColorofShowMessageButton" time="0.0">
    <ignored/>
  </testcase> <!-- verifyBackgroundColorofShowMessageButton -->
  <testcase classname="com.anu.testscripts.SimpleInputFormDemoTest" name="verifySingleInputTextFieldtest" time="0.0">
    <ignored/>
  </testcase> <!-- verifySingleInputTextFieldtest -->
  <testcase classname="com.anu.testscripts.SimpleInputFormDemoTest" name="verifySingleInputTextFieldusingDataProvider" time="0.0">
    <ignored/>
  </testcase> <!-- verifySingleInputTextFieldusingDataProvider -->
</testsuite> <!-- Test -->
